<?xml version="1.0" encoding="UTF-8"?>
<testng-results ignored="0" total="7" passed="6" failed="1" skipped="0">
  <reporter-output>
  </reporter-output>
  <suite started-at="2024-03-04T22:57:52 IST" name="QKart" finished-at="2024-03-04T23:00:29 IST" duration-ms="156703">
    <groups>
    </groups>
    <test started-at="2024-03-04T22:57:52 IST" name="QKart Test" finished-at="2024-03-04T23:00:29 IST" duration-ms="156703">
      <class name="com.qkart.testCases.TC_RegisterTest_002">
        <test-method is-config="true" signature="setUP(java.lang.String)[pri:0, instance:com.qkart.testCases.TC_RegisterTest_002@4b2a01d4]" started-at="2024-03-04T22:58:33 IST" name="setUP" finished-at="2024-03-04T22:58:53 IST" duration-ms="19920" status="PASS">
          <params>
            <param index="0">
              <value>
                <![CDATA[Chrome]]>
              </value>
            </param>
          </params>
          <reporter-output>
          </reporter-output>
        </test-method> <!-- setUP -->
        <test-method signature="RegisterTest()[pri:0, instance:com.qkart.testCases.TC_RegisterTest_002@4b2a01d4]" started-at="2024-03-04T22:58:53 IST" name="RegisterTest" finished-at="2024-03-04T22:58:55 IST" duration-ms="1781" status="PASS">
          <reporter-output>
          </reporter-output>
        </test-method> <!-- RegisterTest -->
        <test-method is-config="true" signature="tearDown()[pri:0, instance:com.qkart.testCases.TC_RegisterTest_002@4b2a01d4]" started-at="2024-03-04T22:58:55 IST" name="tearDown" finished-at="2024-03-04T22:58:58 IST" duration-ms="2629" status="PASS">
          <reporter-output>
          </reporter-output>
        </test-method> <!-- tearDown -->
      </class> <!-- com.qkart.testCases.TC_RegisterTest_002 -->
      <class name="com.qkart.testCases.TC_LoginDDT_004">
        <test-method is-config="true" signature="setUP(java.lang.String)[pri:0, instance:com.qkart.testCases.TC_LoginDDT_004@78f5c518]" started-at="2024-03-04T22:59:57 IST" name="setUP" finished-at="2024-03-04T23:00:11 IST" duration-ms="13691" status="PASS">
          <params>
            <param index="0">
              <value>
                <![CDATA[Chrome]]>
              </value>
            </param>
          </params>
          <reporter-output>
          </reporter-output>
        </test-method> <!-- setUP -->
        <test-method signature="loginDDT(java.lang.String,java.lang.String,java.lang.String)[pri:0, instance:com.qkart.testCases.TC_LoginDDT_004@78f5c518]" started-at="2024-03-04T23:00:20 IST" name="loginDDT" data-provider="LoginData" finished-at="2024-03-04T23:00:23 IST" duration-ms="3189" status="PASS">
          <params>
            <param index="0">
              <value>
                <![CDATA[akashthorat]]>
              </value>
            </param>
            <param index="1">
              <value>
                <![CDATA[Akash@358]]>
              </value>
            </param>
            <param index="2">
              <value>
                <![CDATA[Valid]]>
              </value>
            </param>
          </params>
          <reporter-output>
          </reporter-output>
        </test-method> <!-- loginDDT -->
        <test-method signature="loginDDT(java.lang.String,java.lang.String,java.lang.String)[pri:0, instance:com.qkart.testCases.TC_LoginDDT_004@78f5c518]" started-at="2024-03-04T23:00:23 IST" name="loginDDT" data-provider="LoginData" finished-at="2024-03-04T23:00:24 IST" duration-ms="876" status="PASS">
          <params>
            <param index="0">
              <value>
                <![CDATA[akash]]>
              </value>
            </param>
            <param index="1">
              <value>
                <![CDATA[akash*123]]>
              </value>
            </param>
            <param index="2">
              <value>
                <![CDATA[Invalid]]>
              </value>
            </param>
          </params>
          <reporter-output>
          </reporter-output>
        </test-method> <!-- loginDDT -->
        <test-method signature="loginDDT(java.lang.String,java.lang.String,java.lang.String)[pri:0, instance:com.qkart.testCases.TC_LoginDDT_004@78f5c518]" started-at="2024-03-04T23:00:24 IST" name="loginDDT" data-provider="LoginData" finished-at="2024-03-04T23:00:25 IST" duration-ms="878" status="PASS">
          <params>
            <param index="0">
              <value>
                <![CDATA[Nagesh]]>
              </value>
            </param>
            <param index="1">
              <value>
                <![CDATA[Nagesh#123]]>
              </value>
            </param>
            <param index="2">
              <value>
                <![CDATA[Invalid]]>
              </value>
            </param>
          </params>
          <reporter-output>
          </reporter-output>
        </test-method> <!-- loginDDT -->
        <test-method signature="loginDDT(java.lang.String,java.lang.String,java.lang.String)[pri:0, instance:com.qkart.testCases.TC_LoginDDT_004@78f5c518]" started-at="2024-03-04T23:00:25 IST" name="loginDDT" data-provider="LoginData" finished-at="2024-03-04T23:00:27 IST" duration-ms="2523" status="PASS">
          <params>
            <param index="0">
              <value>
                <![CDATA[Vijay456]]>
              </value>
            </param>
            <param index="1">
              <value>
                <![CDATA[Vijay#456]]>
              </value>
            </param>
            <param index="2">
              <value>
                <![CDATA[Valid]]>
              </value>
            </param>
          </params>
          <reporter-output>
          </reporter-output>
        </test-method> <!-- loginDDT -->
        <test-method is-config="true" signature="tearDown()[pri:0, instance:com.qkart.testCases.TC_LoginDDT_004@78f5c518]" started-at="2024-03-04T23:00:27 IST" name="tearDown" finished-at="2024-03-04T23:00:29 IST" duration-ms="1867" status="PASS">
          <reporter-output>
          </reporter-output>
        </test-method> <!-- tearDown -->
      </class> <!-- com.qkart.testCases.TC_LoginDDT_004 -->
      <class name="com.qkart.testCases.TC_AddToCart_003">
        <test-method is-config="true" signature="setUP(java.lang.String)[pri:0, instance:com.qkart.testCases.TC_AddToCart_003@8692d67]" started-at="2024-03-04T22:58:58 IST" name="setUP" finished-at="2024-03-04T22:59:15 IST" duration-ms="17541" status="PASS">
          <params>
            <param index="0">
              <value>
                <![CDATA[Chrome]]>
              </value>
            </param>
          </params>
          <reporter-output>
          </reporter-output>
        </test-method> <!-- setUP -->
        <test-method signature="AddToCartTest()[pri:0, instance:com.qkart.testCases.TC_AddToCart_003@8692d67]" started-at="2024-03-04T22:59:15 IST" name="AddToCartTest" finished-at="2024-03-04T22:59:56 IST" duration-ms="40949" status="FAIL">
          <exception class="org.openqa.selenium.NoSuchElementException">
            <message>
              <![CDATA[no such element: Unable to locate element: {"method":"xpath","selector":"//button[@id='continue-btn']"}
  (Session info: chrome=122.0.6261.70)
For documentation on this error, please visit: https://www.selenium.dev/documentation/webdriver/troubleshooting/errors#no-such-element-exception
Build info: version: '4.12.1', revision: '8e34639b11'
System info: os.name: 'Windows 10', os.arch: 'amd64', os.version: '10.0', java.version: '17.0.6'
Driver info: org.openqa.selenium.chrome.ChromeDriver
Command: [0b1c96b75faf1d6a479d584113c4631a, findElement {using=xpath, value=//button[@id='continue-btn']}]
Capabilities {acceptInsecureCerts: false, browserName: chrome, browserVersion: 122.0.6261.70, chrome: {chromedriverVersion: 122.0.6261.94 (880dbf29479c..., userDataDir: C:\Users\AKASHT~1\AppData\L...}, fedcm:accounts: true, goog:chromeOptions: {debuggerAddress: localhost:65505}, networkConnectionEnabled: false, pageLoadStrategy: normal, platformName: windows, proxy: Proxy(), se:cdp: ws://localhost:65505/devtoo..., se:cdpVersion: 122.0.6261.70, setWindowRect: true, strictFileInteractability: false, timeouts: {implicit: 0, pageLoad: 300000, script: 30000}, unhandledPromptBehavior: dismiss and notify, webauthn:extension:credBlob: true, webauthn:extension:largeBlob: true, webauthn:extension:minPinLength: true, webauthn:extension:prf: true, webauthn:virtualAuthenticators: true}
Session ID: 0b1c96b75faf1d6a479d584113c4631a]]>
            </message>
            <full-stacktrace>
              <![CDATA[org.openqa.selenium.NoSuchElementException: no such element: Unable to locate element: {"method":"xpath","selector":"//button[@id='continue-btn']"}
  (Session info: chrome=122.0.6261.70)
For documentation on this error, please visit: https://www.selenium.dev/documentation/webdriver/troubleshooting/errors#no-such-element-exception
Build info: version: '4.12.1', revision: '8e34639b11'
System info: os.name: 'Windows 10', os.arch: 'amd64', os.version: '10.0', java.version: '17.0.6'
Driver info: org.openqa.selenium.chrome.ChromeDriver
Command: [0b1c96b75faf1d6a479d584113c4631a, findElement {using=xpath, value=//button[@id='continue-btn']}]
Capabilities {acceptInsecureCerts: false, browserName: chrome, browserVersion: 122.0.6261.70, chrome: {chromedriverVersion: 122.0.6261.94 (880dbf29479c..., userDataDir: C:\Users\AKASHT~1\AppData\L...}, fedcm:accounts: true, goog:chromeOptions: {debuggerAddress: localhost:65505}, networkConnectionEnabled: false, pageLoadStrategy: normal, platformName: windows, proxy: Proxy(), se:cdp: ws://localhost:65505/devtoo..., se:cdpVersion: 122.0.6261.70, setWindowRect: true, strictFileInteractability: false, timeouts: {implicit: 0, pageLoad: 300000, script: 30000}, unhandledPromptBehavior: dismiss and notify, webauthn:extension:credBlob: true, webauthn:extension:largeBlob: true, webauthn:extension:minPinLength: true, webauthn:extension:prf: true, webauthn:virtualAuthenticators: true}
Session ID: 0b1c96b75faf1d6a479d584113c4631a
at java.base/jdk.internal.reflect.NativeConstructorAccessorImpl.newInstance0(Native Method)
at java.base/jdk.internal.reflect.NativeConstructorAccessorImpl.newInstance(NativeConstructorAccessorImpl.java:77)
at java.base/jdk.internal.reflect.DelegatingConstructorAccessorImpl.newInstance(DelegatingConstructorAccessorImpl.java:45)
at java.base/java.lang.reflect.Constructor.newInstanceWithCaller(Constructor.java:499)
at java.base/java.lang.reflect.Constructor.newInstance(Constructor.java:480)
at org.openqa.selenium.remote.codec.w3c.W3CHttpResponseCodec.createException(W3CHttpResponseCodec.java:200)
at org.openqa.selenium.remote.codec.w3c.W3CHttpResponseCodec.decode(W3CHttpResponseCodec.java:133)
at org.openqa.selenium.remote.codec.w3c.W3CHttpResponseCodec.decode(W3CHttpResponseCodec.java:52)
at org.openqa.selenium.remote.HttpCommandExecutor.execute(HttpCommandExecutor.java:191)
at org.openqa.selenium.remote.service.DriverCommandExecutor.invokeExecute(DriverCommandExecutor.java:196)
at org.openqa.selenium.remote.service.DriverCommandExecutor.execute(DriverCommandExecutor.java:171)
at org.openqa.selenium.remote.RemoteWebDriver.execute(RemoteWebDriver.java:602)
at org.openqa.selenium.remote.ElementLocation$ElementFinder$2.findElement(ElementLocation.java:165)
at org.openqa.selenium.remote.ElementLocation.findElement(ElementLocation.java:59)
at org.openqa.selenium.remote.RemoteWebDriver.findElement(RemoteWebDriver.java:359)
at org.openqa.selenium.remote.RemoteWebDriver.findElement(RemoteWebDriver.java:353)
at org.openqa.selenium.support.pagefactory.DefaultElementLocator.findElement(DefaultElementLocator.java:68)
at org.openqa.selenium.support.pagefactory.internal.LocatingElementHandler.invoke(LocatingElementHandler.java:38)
at jdk.proxy2/jdk.proxy2.$Proxy32.click(Unknown Source)
at com.qkart.pageObjects.AddToCartPage.clickOnContinueShoppingBtn(AddToCartPage.java:90)
at com.qkart.testCases.TC_AddToCart_003.AddToCartTest(TC_AddToCart_003.java:37)
at java.base/jdk.internal.reflect.NativeMethodAccessorImpl.invoke0(Native Method)
at java.base/jdk.internal.reflect.NativeMethodAccessorImpl.invoke(NativeMethodAccessorImpl.java:77)
at java.base/jdk.internal.reflect.DelegatingMethodAccessorImpl.invoke(DelegatingMethodAccessorImpl.java:43)
at java.base/java.lang.reflect.Method.invoke(Method.java:568)
at org.testng.internal.invokers.MethodInvocationHelper.invokeMethod(MethodInvocationHelper.java:139)
at org.testng.internal.invokers.TestInvoker.invokeMethod(TestInvoker.java:677)
at org.testng.internal.invokers.TestInvoker.invokeTestMethod(TestInvoker.java:221)
at org.testng.internal.invokers.MethodRunner.runInSequence(MethodRunner.java:50)
at org.testng.internal.invokers.TestInvoker$MethodInvocationAgent.invoke(TestInvoker.java:969)
at org.testng.internal.invokers.TestInvoker.invokeTestMethods(TestInvoker.java:194)
at org.testng.internal.invokers.TestMethodWorker.invokeTestMethods(TestMethodWorker.java:148)
at org.testng.internal.invokers.TestMethodWorker.run(TestMethodWorker.java:128)
at java.base/java.util.ArrayList.forEach(ArrayList.java:1511)
at org.testng.TestRunner.privateRun(TestRunner.java:829)
at org.testng.TestRunner.run(TestRunner.java:602)
at org.testng.SuiteRunner.runTest(SuiteRunner.java:437)
at org.testng.SuiteRunner.runSequentially(SuiteRunner.java:431)
at org.testng.SuiteRunner.privateRun(SuiteRunner.java:391)
at org.testng.SuiteRunner.run(SuiteRunner.java:330)
at org.testng.SuiteRunnerWorker.runSuite(SuiteRunnerWorker.java:52)
at org.testng.SuiteRunnerWorker.run(SuiteRunnerWorker.java:95)
at org.testng.TestNG.runSuitesSequentially(TestNG.java:1256)
at org.testng.TestNG.runSuitesLocally(TestNG.java:1176)
at org.testng.TestNG.runSuites(TestNG.java:1099)
at org.testng.TestNG.run(TestNG.java:1067)
at org.testng.remote.AbstractRemoteTestNG.run(AbstractRemoteTestNG.java:115)
at org.testng.remote.RemoteTestNG.initAndRun(RemoteTestNG.java:251)
at org.testng.remote.RemoteTestNG.main(RemoteTestNG.java:77)
]]>
            </full-stacktrace>
          </exception> <!-- org.openqa.selenium.NoSuchElementException -->
          <reporter-output>
          </reporter-output>
        </test-method> <!-- AddToCartTest -->
        <test-method is-config="true" signature="tearDown()[pri:0, instance:com.qkart.testCases.TC_AddToCart_003@8692d67]" started-at="2024-03-04T22:59:56 IST" name="tearDown" finished-at="2024-03-04T22:59:57 IST" duration-ms="1360" status="PASS">
          <reporter-output>
          </reporter-output>
        </test-method> <!-- tearDown -->
      </class> <!-- com.qkart.testCases.TC_AddToCart_003 -->
      <class name="com.qkart.testCases.TC_LoginTest_001">
        <test-method is-config="true" signature="setUP(java.lang.String)[pri:0, instance:com.qkart.testCases.TC_LoginTest_001@70ab2d48]" started-at="2024-03-04T22:57:52 IST" name="setUP" finished-at="2024-03-04T22:58:26 IST" duration-ms="33715" status="PASS">
          <params>
            <param index="0">
              <value>
                <![CDATA[Chrome]]>
              </value>
            </param>
          </params>
          <reporter-output>
          </reporter-output>
        </test-method> <!-- setUP -->
        <test-method signature="loginTest()[pri:0, instance:com.qkart.testCases.TC_LoginTest_001@70ab2d48]" started-at="2024-03-04T22:58:26 IST" name="loginTest" finished-at="2024-03-04T22:58:32 IST" duration-ms="5654" status="PASS">
          <reporter-output>
          </reporter-output>
        </test-method> <!-- loginTest -->
        <test-method is-config="true" signature="tearDown()[pri:0, instance:com.qkart.testCases.TC_LoginTest_001@70ab2d48]" started-at="2024-03-04T22:58:32 IST" name="tearDown" finished-at="2024-03-04T22:58:33 IST" duration-ms="1332" status="PASS">
          <reporter-output>
          </reporter-output>
        </test-method> <!-- tearDown -->
      </class> <!-- com.qkart.testCases.TC_LoginTest_001 -->
    </test> <!-- QKart Test -->
  </suite> <!-- QKart -->
</testng-results>
